<?xml version="1.0" encoding="UTF-8"?>
<testng-results ignored="0" total="1" passed="1" failed="0" skipped="0">
  <reporter-output>
  </reporter-output>
  <suite started-at="2023-07-04T14:08:52 IST" name="Default suite" finished-at="2023-07-04T14:09:45 IST" duration-ms="53275">
    <groups>
    </groups>
    <test started-at="2023-07-04T14:08:52 IST" name="Default test" finished-at="2023-07-04T14:09:45 IST" duration-ms="53275">
      <class name="TestSuite.AllTest">
        <test-method is-config="true" signature="driverSetup()[pri:0, instance:TestSuite.AllTest@4f704591]" started-at="2023-07-04T14:08:47 IST" name="driverSetup" finished-at="2023-07-04T14:08:52 IST" duration-ms="4800" status="PASS">
          <reporter-output>
          </reporter-output>
        </test-method> <!-- driverSetup -->
        <test-method signature="test()[pri:0, instance:TestSuite.AllTest@4f704591]" started-at="2023-07-04T14:08:52 IST" name="test" finished-at="2023-07-04T14:09:45 IST" duration-ms="53250" status="PASS">
          <reporter-output>
          </reporter-output>
        </test-method> <!-- test -->
        <test-method is-config="true" signature="closeBrowser()[pri:0, instance:TestSuite.AllTest@4f704591]" started-at="2023-07-04T14:09:45 IST" name="closeBrowser" finished-at="2023-07-04T14:09:45 IST" duration-ms="78" status="PASS">
          <reporter-output>
          </reporter-output>
        </test-method> <!-- closeBrowser -->
      </class> <!-- TestSuite.AllTest -->
    </test> <!-- Default test -->
  </suite> <!-- Default suite -->
</testng-results>
